<?xml version="1.0" encoding="UTF-8"?>
<!-- Generated by org.testng.reporters.JUnitReportReporter -->
<testsuite hostname="DESKTOP-D7MVLSG" name="TestCases.TC_03_PlayCourse" tests="1" failures="0" timestamp="10 Sep 2020 10:35:06 GMT" time="57.911" errors="0">
  <testcase name="Play_course" time="57.911" classname="TestCases.TC_03_PlayCourse"/>
</testsuite> <!-- TestCases.TC_03_PlayCourse -->
