<?xml version="1.0" encoding="UTF-8"?>
<!-- Generated by org.testng.reporters.JUnitReportReporter -->
<testsuite hostname="DESKTOP-D7MVLSG" name="TestCases.TC_04_signOut" tests="1" failures="0" timestamp="10 Sep 2020 10:35:06 GMT" time="6.321" errors="0">
  <testcase name="Signout" time="6.321" classname="TestCases.TC_04_signOut"/>
</testsuite> <!-- TestCases.TC_04_signOut -->
