<?xml version="1.0" encoding="UTF-8"?>
<!-- Generated by org.testng.reporters.JUnitReportReporter -->
<testsuite hostname="DESKTOP-D7MVLSG" name="TestCases.TC_01_signIn" tests="3" failures="0" timestamp="10 Sep 2020 10:35:06 GMT" time="58.994" errors="0">
  <testcase name="click_On_Dismiss_btn" time="10.347" classname="TestCases.TC_01_signIn"/>
  <testcase name="SignIn_Using_Google" time="18.164" classname="TestCases.TC_01_signIn"/>
  <testcase name="open_app" time="30.483" classname="TestCases.TC_01_signIn"/>
</testsuite> <!-- TestCases.TC_01_signIn -->
