<?xml version="1.0" encoding="UTF-8"?>
<!-- Generated by org.testng.reporters.JUnitReportReporter -->
<testsuite hostname="DESKTOP-D7MVLSG" name="TestCases.BaseTest" tests="2" failures="0" timestamp="8 Sep 2020 12:58:28 GMT" time="55.411" errors="0">
  <testcase name="open_app" time="38.965" classname="TestCases.BaseTest"/>
  <testcase name="click_On_Dismiss_btn" time="16.446" classname="TestCases.BaseTest"/>
</testsuite> <!-- TestCases.BaseTest -->
