<?xml version="1.0" encoding="UTF-8"?>
<!-- Generated by org.testng.reporters.JUnitReportReporter -->
<testsuite hostname="DESKTOP-D7MVLSG" name="TestCases.TC_02_Mycourse" tests="1" failures="0" timestamp="10 Sep 2020 10:35:06 GMT" time="10.379" errors="0">
  <testcase name="My_Course_Action" time="10.379" classname="TestCases.TC_02_Mycourse"/>
</testsuite> <!-- TestCases.TC_02_Mycourse -->
